2020-07-24 09:08:45 +0200 --- FATAL ERROR:
    undefined method `with' for #<String:0x00007fad9d19bb38>
    /Users/philippeperret/Sites/AlwaysData/Icare_2020/_lib/pages/plan/html.rb:46:in `build_body'
    /Users/philippeperret/Sites/AlwaysData/Icare_2020/_lib/required/_classes/HTML/builder.rb:11:in `build_page'
    /Users/philippeperret/Sites/AlwaysData/Icare_2020/_lib/required/_classes/App.rb:20:in `run'
    /Users/philippeperret/Sites/AlwaysData/Icare_2020/index.rb:5:in `<main>'2020-07-24 09:08:58 +0200 --- FATAL ERROR:
    /Users/philippeperret/Sites/AlwaysData/Icare_2020/_lib/pages/plan/html.rb:46: syntax error, unexpected tSTRING_DEND, expecting ')'
...nLink[:aide].with(picto: true)})
...                              ^
    /Users/philippeperret/.rbenv/versions/2.6.3/lib/ruby/2.6.0/rubygems/core_ext/kernel_require.rb:54:in `require'
    /Users/philippeperret/.rbenv/versions/2.6.3/lib/ruby/2.6.0/rubygems/core_ext/kernel_require.rb:54:in `require'
    /Users/philippeperret/Sites/AlwaysData/Icare_2020/_lib/required/__first/require_methods.rb:4:in `block in require_folder'
    /Users/philippeperret/Sites/AlwaysData/Icare_2020/_lib/required/__first/require_methods.rb:4:in `each'
    /Users/philippeperret/Sites/AlwaysData/Icare_2020/_lib/required/__first/require_methods.rb:4:in `require_folder'
    /Users/philippeperret/Sites/AlwaysData/Icare_2020/_lib/required/_classes/page.rb:29:in `load'
    /Users/philippeperret/Sites/AlwaysData/Icare_2020/_lib/required/_classes/page.rb:13:in `load'
    /Users/philippeperret/Sites/AlwaysData/Icare_2020/_lib/required/_classes/HTML/builder.rb:9:in `build_page'
    /Users/philippeperret/Sites/AlwaysData/Icare_2020/_lib/required/_classes/App.rb:20:in `run'
    /Users/philippeperret/Sites/AlwaysData/Icare_2020/index.rb:5:in `<main>'2020-07-25 14:41:05 +0200 --- FATAL ERROR:
    undefined method `params' for #<HTML:0x00007f99099933e8 @all_css=["./css/_variables.css"]>
Did you mean?  param
    /Users/philippeperret/Sites/AlwaysData/Icare_2020/_lib/pages/contact/mail/html.rb:38:in `traite_envoi'
    /Users/philippeperret/Sites/AlwaysData/Icare_2020/_lib/pages/contact/mail/html.rb:13:in `exec'
    /Users/philippeperret/Sites/AlwaysData/Icare_2020/_lib/required/_classes/HTML/exec.rb:11:in `proceed_exec'
    /Users/philippeperret/Sites/AlwaysData/Icare_2020/_lib/required/_classes/HTML/builder.rb:10:in `build_page'
    /Users/philippeperret/Sites/AlwaysData/Icare_2020/_lib/required/_classes/App.rb:20:in `run'
    /Users/philippeperret/Sites/AlwaysData/Icare_2020/index.rb:5:in `<main>'2020-07-25 14:41:22 +0200 --- FATAL ERROR:
    uninitialized constant HTML::Mail
    /Users/philippeperret/Sites/AlwaysData/Icare_2020/_lib/pages/contact/mail/html.rb:41:in `traite_envoi'
    /Users/philippeperret/Sites/AlwaysData/Icare_2020/_lib/pages/contact/mail/html.rb:13:in `exec'
    /Users/philippeperret/Sites/AlwaysData/Icare_2020/_lib/required/_classes/HTML/exec.rb:11:in `proceed_exec'
    /Users/philippeperret/Sites/AlwaysData/Icare_2020/_lib/required/_classes/HTML/builder.rb:10:in `build_page'
    /Users/philippeperret/Sites/AlwaysData/Icare_2020/_lib/required/_classes/App.rb:20:in `run'
    /Users/philippeperret/Sites/AlwaysData/Icare_2020/index.rb:5:in `<main>'2020-07-25 14:51:20 +0200 --- FATAL ERROR:
    undefined method `to_sym' for {:envoi_titre=>nil, :envoi_message=>nil, :envoi_mail=>nil}:Hash
Did you mean?  to_s
    /Users/philippeperret/Sites/AlwaysData/Icare_2020/_lib/required/__first/handies/instances.rb:17:in `param'
    /Users/philippeperret/Sites/AlwaysData/Icare_2020/_lib/pages/contact/mail/html.rb:44:in `traite_envoi'
    /Users/philippeperret/Sites/AlwaysData/Icare_2020/_lib/pages/contact/mail/html.rb:13:in `exec'
    /Users/philippeperret/Sites/AlwaysData/Icare_2020/_lib/required/_classes/HTML/exec.rb:11:in `proceed_exec'
    /Users/philippeperret/Sites/AlwaysData/Icare_2020/_lib/required/_classes/HTML/builder.rb:10:in `build_page'
    /Users/philippeperret/Sites/AlwaysData/Icare_2020/_lib/required/_classes/App.rb:20:in `run'
    /Users/philippeperret/Sites/AlwaysData/Icare_2020/index.rb:5:in `<main>'2020-07-25 14:58:00 +0200 --- FATAL ERROR:
    undefined method `to_sym' for {:envoi_titre=>nil, :envoi_message=>nil, :envoi_mail=>nil}:Hash
Did you mean?  to_s
    /Users/philippeperret/Sites/AlwaysData/Icare_2020/_lib/required/__first/handies/instances.rb:17:in `param'
    /Users/philippeperret/Sites/AlwaysData/Icare_2020/_lib/pages/contact/mail/html.rb:44:in `traite_envoi'
    /Users/philippeperret/Sites/AlwaysData/Icare_2020/_lib/pages/contact/mail/html.rb:13:in `exec'
    /Users/philippeperret/Sites/AlwaysData/Icare_2020/_lib/required/_classes/HTML/exec.rb:11:in `proceed_exec'
    /Users/philippeperret/Sites/AlwaysData/Icare_2020/_lib/required/_classes/HTML/builder.rb:10:in `build_page'
    /Users/philippeperret/Sites/AlwaysData/Icare_2020/_lib/required/_classes/App.rb:20:in `run'
    /Users/philippeperret/Sites/AlwaysData/Icare_2020/index.rb:5:in `<main>'2020-07-26 07:48:06 +0200 --- FATAL ERROR:
    no implicit conversion of Array into String
    /Users/philippeperret/Sites/AlwaysData/Icare_2020/_lib/required/_classes/HTML/builder.rb:84:in `prepend'
    /Users/philippeperret/Sites/AlwaysData/Icare_2020/_lib/required/_classes/HTML/builder.rb:84:in `build_titre'
    /Users/philippeperret/Sites/AlwaysData/Icare_2020/_lib/required/_classes/HTML/builder.rb:13:in `build_page'
    /Users/philippeperret/Sites/AlwaysData/Icare_2020/_lib/required/_classes/App.rb:20:in `run'
    /Users/philippeperret/Sites/AlwaysData/Icare_2020/index.rb:5:in `<main>'