FATAL ERROR: cannot load such file -- ./_lib/required/__first/db
/System/Library/Frameworks/Ruby.framework/Versions/2.3/usr/lib/ruby/2.3.0/rubygems/core_ext/kernel_require.rb:55:in `require'
/System/Library/Frameworks/Ruby.framework/Versions/2.3/usr/lib/ruby/2.3.0/rubygems/core_ext/kernel_require.rb:55:in `require'
/Users/philippeperret/Sites/AlwaysData/Icare_2020/cronjob/_lib/required.rb:16:in `block in <top (required)>'
/Users/philippeperret/Sites/AlwaysData/Icare_2020/cronjob/_lib/required.rb:15:in `each'
/Users/philippeperret/Sites/AlwaysData/Icare_2020/cronjob/_lib/required.rb:15:in `<top (required)>'
/Users/philippeperret/Sites/AlwaysData/Icare_2020/cronjob/cronjob.rb:19:in `require_relative'
/Users/philippeperret/Sites/AlwaysData/Icare_2020/cronjob/cronjob.rb:19:in `<main>'
FATAL ERROR: cannot load such file -- mysql2
/System/Library/Frameworks/Ruby.framework/Versions/2.3/usr/lib/ruby/2.3.0/rubygems/core_ext/kernel_require.rb:55:in `require'
/System/Library/Frameworks/Ruby.framework/Versions/2.3/usr/lib/ruby/2.3.0/rubygems/core_ext/kernel_require.rb:55:in `require'
/Users/philippeperret/Sites/AlwaysData/Icare_2020/_lib/required/__first/db.rb:2:in `<top (required)>'
/System/Library/Frameworks/Ruby.framework/Versions/2.3/usr/lib/ruby/2.3.0/rubygems/core_ext/kernel_require.rb:55:in `require'
/System/Library/Frameworks/Ruby.framework/Versions/2.3/usr/lib/ruby/2.3.0/rubygems/core_ext/kernel_require.rb:55:in `require'
/Users/philippeperret/Sites/AlwaysData/Icare_2020/cronjob/_lib/required.rb:17:in `block (2 levels) in <top (required)>'
/Users/philippeperret/Sites/AlwaysData/Icare_2020/cronjob/_lib/required.rb:16:in `each'
/Users/philippeperret/Sites/AlwaysData/Icare_2020/cronjob/_lib/required.rb:16:in `block in <top (required)>'
/Users/philippeperret/Sites/AlwaysData/Icare_2020/cronjob/_lib/required.rb:13:in `chdir'
/Users/philippeperret/Sites/AlwaysData/Icare_2020/cronjob/_lib/required.rb:13:in `<top (required)>'
/Users/philippeperret/Sites/AlwaysData/Icare_2020/cronjob/cronjob.rb:19:in `require_relative'
/Users/philippeperret/Sites/AlwaysData/Icare_2020/cronjob/cronjob.rb:19:in `<main>'
FATAL ERROR: cannot load such file -- mysql2
/System/Library/Frameworks/Ruby.framework/Versions/2.3/usr/lib/ruby/2.3.0/rubygems/core_ext/kernel_require.rb:55:in `require'
/System/Library/Frameworks/Ruby.framework/Versions/2.3/usr/lib/ruby/2.3.0/rubygems/core_ext/kernel_require.rb:55:in `require'
/Users/philippeperret/Sites/AlwaysData/Icare_2020/_lib/required/__first/db.rb:2:in `<top (required)>'
/System/Library/Frameworks/Ruby.framework/Versions/2.3/usr/lib/ruby/2.3.0/rubygems/core_ext/kernel_require.rb:55:in `require'
/System/Library/Frameworks/Ruby.framework/Versions/2.3/usr/lib/ruby/2.3.0/rubygems/core_ext/kernel_require.rb:55:in `require'
/Users/philippeperret/Sites/AlwaysData/Icare_2020/cronjob/_lib/required.rb:25:in `block (2 levels) in <top (required)>'
/Users/philippeperret/Sites/AlwaysData/Icare_2020/cronjob/_lib/required.rb:24:in `each'
/Users/philippeperret/Sites/AlwaysData/Icare_2020/cronjob/_lib/required.rb:24:in `block in <top (required)>'
/Users/philippeperret/Sites/AlwaysData/Icare_2020/cronjob/_lib/required.rb:21:in `chdir'
/Users/philippeperret/Sites/AlwaysData/Icare_2020/cronjob/_lib/required.rb:21:in `<top (required)>'
/Users/philippeperret/Sites/AlwaysData/Icare_2020/cronjob/cronjob.rb:19:in `require_relative'
/Users/philippeperret/Sites/AlwaysData/Icare_2020/cronjob/cronjob.rb:19:in `<main>'
FATAL ERROR: cannot load such file -- mysql2
/System/Library/Frameworks/Ruby.framework/Versions/2.3/usr/lib/ruby/2.3.0/rubygems/core_ext/kernel_require.rb:55:in `require'
/System/Library/Frameworks/Ruby.framework/Versions/2.3/usr/lib/ruby/2.3.0/rubygems/core_ext/kernel_require.rb:55:in `require'
/Users/philippeperret/Sites/AlwaysData/Icare_2020/_lib/required/__first/db.rb:2:in `<top (required)>'
/System/Library/Frameworks/Ruby.framework/Versions/2.3/usr/lib/ruby/2.3.0/rubygems/core_ext/kernel_require.rb:55:in `require'
/System/Library/Frameworks/Ruby.framework/Versions/2.3/usr/lib/ruby/2.3.0/rubygems/core_ext/kernel_require.rb:55:in `require'
/Users/philippeperret/Sites/AlwaysData/Icare_2020/cronjob/_lib/required.rb:25:in `block (2 levels) in <top (required)>'
/Users/philippeperret/Sites/AlwaysData/Icare_2020/cronjob/_lib/required.rb:24:in `each'
/Users/philippeperret/Sites/AlwaysData/Icare_2020/cronjob/_lib/required.rb:24:in `block in <top (required)>'
/Users/philippeperret/Sites/AlwaysData/Icare_2020/cronjob/_lib/required.rb:21:in `chdir'
/Users/philippeperret/Sites/AlwaysData/Icare_2020/cronjob/_lib/required.rb:21:in `<top (required)>'
/Users/philippeperret/Sites/AlwaysData/Icare_2020/cronjob/cronjob.rb:19:in `require_relative'
/Users/philippeperret/Sites/AlwaysData/Icare_2020/cronjob/cronjob.rb:19:in `<main>'
FATAL ERROR: cannot load such file -- mysql2
/System/Library/Frameworks/Ruby.framework/Versions/2.3/usr/lib/ruby/2.3.0/rubygems/core_ext/kernel_require.rb:55:in `require'
/System/Library/Frameworks/Ruby.framework/Versions/2.3/usr/lib/ruby/2.3.0/rubygems/core_ext/kernel_require.rb:55:in `require'
/Users/philippeperret/Sites/AlwaysData/Icare_2020/_lib/required/__first/db.rb:2:in `<top (required)>'
/System/Library/Frameworks/Ruby.framework/Versions/2.3/usr/lib/ruby/2.3.0/rubygems/core_ext/kernel_require.rb:55:in `require'
/System/Library/Frameworks/Ruby.framework/Versions/2.3/usr/lib/ruby/2.3.0/rubygems/core_ext/kernel_require.rb:55:in `require'
/Users/philippeperret/Sites/AlwaysData/Icare_2020/cronjob/_lib/required.rb:25:in `block (2 levels) in <top (required)>'
/Users/philippeperret/Sites/AlwaysData/Icare_2020/cronjob/_lib/required.rb:24:in `each'
/Users/philippeperret/Sites/AlwaysData/Icare_2020/cronjob/_lib/required.rb:24:in `block in <top (required)>'
/Users/philippeperret/Sites/AlwaysData/Icare_2020/cronjob/_lib/required.rb:21:in `chdir'
/Users/philippeperret/Sites/AlwaysData/Icare_2020/cronjob/_lib/required.rb:21:in `<top (required)>'
/Users/philippeperret/Sites/AlwaysData/Icare_2020/cronjob/cronjob.rb:19:in `require_relative'
/Users/philippeperret/Sites/AlwaysData/Icare_2020/cronjob/cronjob.rb:19:in `<main>'
FATAL ERROR: cannot load such file -- mysql2
/System/Library/Frameworks/Ruby.framework/Versions/2.3/usr/lib/ruby/2.3.0/rubygems/core_ext/kernel_require.rb:55:in `require'
/System/Library/Frameworks/Ruby.framework/Versions/2.3/usr/lib/ruby/2.3.0/rubygems/core_ext/kernel_require.rb:55:in `require'
/Users/philippeperret/Sites/AlwaysData/Icare_2020/_lib/required/__first/db.rb:2:in `<top (required)>'
/System/Library/Frameworks/Ruby.framework/Versions/2.3/usr/lib/ruby/2.3.0/rubygems/core_ext/kernel_require.rb:55:in `require'
/System/Library/Frameworks/Ruby.framework/Versions/2.3/usr/lib/ruby/2.3.0/rubygems/core_ext/kernel_require.rb:55:in `require'
/Users/philippeperret/Sites/AlwaysData/Icare_2020/cronjob/_lib/required.rb:25:in `block (2 levels) in <top (required)>'
/Users/philippeperret/Sites/AlwaysData/Icare_2020/cronjob/_lib/required.rb:24:in `each'
/Users/philippeperret/Sites/AlwaysData/Icare_2020/cronjob/_lib/required.rb:24:in `block in <top (required)>'
/Users/philippeperret/Sites/AlwaysData/Icare_2020/cronjob/_lib/required.rb:21:in `chdir'
/Users/philippeperret/Sites/AlwaysData/Icare_2020/cronjob/_lib/required.rb:21:in `<top (required)>'
/Users/philippeperret/Sites/AlwaysData/Icare_2020/cronjob/cronjob.rb:19:in `require_relative'
/Users/philippeperret/Sites/AlwaysData/Icare_2020/cronjob/cronjob.rb:19:in `<main>'
FATAL ERROR: cannot load such file -- mysql2
/System/Library/Frameworks/Ruby.framework/Versions/2.3/usr/lib/ruby/2.3.0/rubygems/core_ext/kernel_require.rb:55:in `require'
/System/Library/Frameworks/Ruby.framework/Versions/2.3/usr/lib/ruby/2.3.0/rubygems/core_ext/kernel_require.rb:55:in `require'
/Users/philippeperret/Sites/AlwaysData/Icare_2020/_lib/required/__first/db.rb:2:in `<top (required)>'
/System/Library/Frameworks/Ruby.framework/Versions/2.3/usr/lib/ruby/2.3.0/rubygems/core_ext/kernel_require.rb:55:in `require'
/System/Library/Frameworks/Ruby.framework/Versions/2.3/usr/lib/ruby/2.3.0/rubygems/core_ext/kernel_require.rb:55:in `require'
/Users/philippeperret/Sites/AlwaysData/Icare_2020/cronjob/_lib/required.rb:25:in `block (2 levels) in <top (required)>'
/Users/philippeperret/Sites/AlwaysData/Icare_2020/cronjob/_lib/required.rb:24:in `each'
/Users/philippeperret/Sites/AlwaysData/Icare_2020/cronjob/_lib/required.rb:24:in `block in <top (required)>'
/Users/philippeperret/Sites/AlwaysData/Icare_2020/cronjob/_lib/required.rb:21:in `chdir'
/Users/philippeperret/Sites/AlwaysData/Icare_2020/cronjob/_lib/required.rb:21:in `<top (required)>'
/Users/philippeperret/Sites/AlwaysData/Icare_2020/cronjob/cronjob.rb:19:in `require_relative'
/Users/philippeperret/Sites/AlwaysData/Icare_2020/cronjob/cronjob.rb:19:in `<main>'
FATAL ERROR: cannot load such file -- mysql2
/System/Library/Frameworks/Ruby.framework/Versions/2.3/usr/lib/ruby/2.3.0/rubygems/core_ext/kernel_require.rb:55:in `require'
/System/Library/Frameworks/Ruby.framework/Versions/2.3/usr/lib/ruby/2.3.0/rubygems/core_ext/kernel_require.rb:55:in `require'
/Users/philippeperret/Sites/AlwaysData/Icare_2020/_lib/required/__first/db.rb:2:in `<top (required)>'
/System/Library/Frameworks/Ruby.framework/Versions/2.3/usr/lib/ruby/2.3.0/rubygems/core_ext/kernel_require.rb:55:in `require'
/System/Library/Frameworks/Ruby.framework/Versions/2.3/usr/lib/ruby/2.3.0/rubygems/core_ext/kernel_require.rb:55:in `require'
/Users/philippeperret/Sites/AlwaysData/Icare_2020/cronjob/_lib/required.rb:25:in `block (2 levels) in <top (required)>'
/Users/philippeperret/Sites/AlwaysData/Icare_2020/cronjob/_lib/required.rb:24:in `each'
/Users/philippeperret/Sites/AlwaysData/Icare_2020/cronjob/_lib/required.rb:24:in `block in <top (required)>'
/Users/philippeperret/Sites/AlwaysData/Icare_2020/cronjob/_lib/required.rb:21:in `chdir'
/Users/philippeperret/Sites/AlwaysData/Icare_2020/cronjob/_lib/required.rb:21:in `<top (required)>'
/Users/philippeperret/Sites/AlwaysData/Icare_2020/cronjob/cronjob.rb:19:in `require_relative'
/Users/philippeperret/Sites/AlwaysData/Icare_2020/cronjob/cronjob.rb:19:in `<main>'
FATAL ERROR: cannot load such file -- mysql2
/System/Library/Frameworks/Ruby.framework/Versions/2.3/usr/lib/ruby/2.3.0/rubygems/core_ext/kernel_require.rb:55:in `require'
/System/Library/Frameworks/Ruby.framework/Versions/2.3/usr/lib/ruby/2.3.0/rubygems/core_ext/kernel_require.rb:55:in `require'
/Users/philippeperret/Sites/AlwaysData/Icare_2020/_lib/required/__first/db.rb:2:in `<top (required)>'
/System/Library/Frameworks/Ruby.framework/Versions/2.3/usr/lib/ruby/2.3.0/rubygems/core_ext/kernel_require.rb:55:in `require'
/System/Library/Frameworks/Ruby.framework/Versions/2.3/usr/lib/ruby/2.3.0/rubygems/core_ext/kernel_require.rb:55:in `require'
/Users/philippeperret/Sites/AlwaysData/Icare_2020/cronjob/_lib/required.rb:25:in `block (2 levels) in <top (required)>'
/Users/philippeperret/Sites/AlwaysData/Icare_2020/cronjob/_lib/required.rb:24:in `each'
/Users/philippeperret/Sites/AlwaysData/Icare_2020/cronjob/_lib/required.rb:24:in `block in <top (required)>'
/Users/philippeperret/Sites/AlwaysData/Icare_2020/cronjob/_lib/required.rb:21:in `chdir'
/Users/philippeperret/Sites/AlwaysData/Icare_2020/cronjob/_lib/required.rb:21:in `<top (required)>'
/Users/philippeperret/Sites/AlwaysData/Icare_2020/cronjob/cronjob.rb:19:in `require_relative'
/Users/philippeperret/Sites/AlwaysData/Icare_2020/cronjob/cronjob.rb:19:in `<main>'
FATAL ERROR: cannot load such file -- mysql2
/System/Library/Frameworks/Ruby.framework/Versions/2.3/usr/lib/ruby/2.3.0/rubygems/core_ext/kernel_require.rb:55:in `require'
/System/Library/Frameworks/Ruby.framework/Versions/2.3/usr/lib/ruby/2.3.0/rubygems/core_ext/kernel_require.rb:55:in `require'
/Users/philippeperret/Sites/AlwaysData/Icare_2020/_lib/required/__first/db.rb:2:in `<top (required)>'
/System/Library/Frameworks/Ruby.framework/Versions/2.3/usr/lib/ruby/2.3.0/rubygems/core_ext/kernel_require.rb:55:in `require'
/System/Library/Frameworks/Ruby.framework/Versions/2.3/usr/lib/ruby/2.3.0/rubygems/core_ext/kernel_require.rb:55:in `require'
/Users/philippeperret/Sites/AlwaysData/Icare_2020/cronjob/_lib/required.rb:25:in `block (2 levels) in <top (required)>'
/Users/philippeperret/Sites/AlwaysData/Icare_2020/cronjob/_lib/required.rb:24:in `each'
/Users/philippeperret/Sites/AlwaysData/Icare_2020/cronjob/_lib/required.rb:24:in `block in <top (required)>'
/Users/philippeperret/Sites/AlwaysData/Icare_2020/cronjob/_lib/required.rb:21:in `chdir'
/Users/philippeperret/Sites/AlwaysData/Icare_2020/cronjob/_lib/required.rb:21:in `<top (required)>'
/Users/philippeperret/Sites/AlwaysData/Icare_2020/cronjob/cronjob.rb:19:in `require_relative'
/Users/philippeperret/Sites/AlwaysData/Icare_2020/cronjob/cronjob.rb:19:in `<main>'
FATAL ERROR: cannot load such file -- mysql2
/System/Library/Frameworks/Ruby.framework/Versions/2.3/usr/lib/ruby/2.3.0/rubygems/core_ext/kernel_require.rb:55:in `require'
/System/Library/Frameworks/Ruby.framework/Versions/2.3/usr/lib/ruby/2.3.0/rubygems/core_ext/kernel_require.rb:55:in `require'
/Users/philippeperret/Sites/AlwaysData/Icare_2020/_lib/required/__first/db.rb:2:in `<top (required)>'
/System/Library/Frameworks/Ruby.framework/Versions/2.3/usr/lib/ruby/2.3.0/rubygems/core_ext/kernel_require.rb:55:in `require'
/System/Library/Frameworks/Ruby.framework/Versions/2.3/usr/lib/ruby/2.3.0/rubygems/core_ext/kernel_require.rb:55:in `require'
/Users/philippeperret/Sites/AlwaysData/Icare_2020/cronjob/_lib/required.rb:25:in `block (2 levels) in <top (required)>'
/Users/philippeperret/Sites/AlwaysData/Icare_2020/cronjob/_lib/required.rb:24:in `each'
/Users/philippeperret/Sites/AlwaysData/Icare_2020/cronjob/_lib/required.rb:24:in `block in <top (required)>'
/Users/philippeperret/Sites/AlwaysData/Icare_2020/cronjob/_lib/required.rb:21:in `chdir'
/Users/philippeperret/Sites/AlwaysData/Icare_2020/cronjob/_lib/required.rb:21:in `<top (required)>'
/Users/philippeperret/Sites/AlwaysData/Icare_2020/cronjob/cronjob.rb:19:in `require_relative'
/Users/philippeperret/Sites/AlwaysData/Icare_2020/cronjob/cronjob.rb:19:in `<main>'
FATAL ERROR: cannot load such file -- mysql2
/System/Library/Frameworks/Ruby.framework/Versions/2.3/usr/lib/ruby/2.3.0/rubygems/core_ext/kernel_require.rb:55:in `require'
/System/Library/Frameworks/Ruby.framework/Versions/2.3/usr/lib/ruby/2.3.0/rubygems/core_ext/kernel_require.rb:55:in `require'
/Users/philippeperret/Sites/AlwaysData/Icare_2020/_lib/required/__first/db.rb:2:in `<top (required)>'
/System/Library/Frameworks/Ruby.framework/Versions/2.3/usr/lib/ruby/2.3.0/rubygems/core_ext/kernel_require.rb:55:in `require'
/System/Library/Frameworks/Ruby.framework/Versions/2.3/usr/lib/ruby/2.3.0/rubygems/core_ext/kernel_require.rb:55:in `require'
/Users/philippeperret/Sites/AlwaysData/Icare_2020/cronjob/_lib/required.rb:25:in `block (2 levels) in <top (required)>'
/Users/philippeperret/Sites/AlwaysData/Icare_2020/cronjob/_lib/required.rb:24:in `each'
/Users/philippeperret/Sites/AlwaysData/Icare_2020/cronjob/_lib/required.rb:24:in `block in <top (required)>'
/Users/philippeperret/Sites/AlwaysData/Icare_2020/cronjob/_lib/required.rb:21:in `chdir'
/Users/philippeperret/Sites/AlwaysData/Icare_2020/cronjob/_lib/required.rb:21:in `<top (required)>'
/Users/philippeperret/Sites/AlwaysData/Icare_2020/cronjob/cronjob.rb:19:in `require_relative'
/Users/philippeperret/Sites/AlwaysData/Icare_2020/cronjob/cronjob.rb:19:in `<main>'
FATAL ERROR: cannot load such file -- mysql2
/System/Library/Frameworks/Ruby.framework/Versions/2.3/usr/lib/ruby/2.3.0/rubygems/core_ext/kernel_require.rb:55:in `require'
/System/Library/Frameworks/Ruby.framework/Versions/2.3/usr/lib/ruby/2.3.0/rubygems/core_ext/kernel_require.rb:55:in `require'
/Users/philippeperret/Sites/AlwaysData/Icare_2020/_lib/required/__first/db.rb:2:in `<top (required)>'
/System/Library/Frameworks/Ruby.framework/Versions/2.3/usr/lib/ruby/2.3.0/rubygems/core_ext/kernel_require.rb:55:in `require'
/System/Library/Frameworks/Ruby.framework/Versions/2.3/usr/lib/ruby/2.3.0/rubygems/core_ext/kernel_require.rb:55:in `require'
/Users/philippeperret/Sites/AlwaysData/Icare_2020/cronjob/_lib/required.rb:25:in `block (2 levels) in <top (required)>'
/Users/philippeperret/Sites/AlwaysData/Icare_2020/cronjob/_lib/required.rb:24:in `each'
/Users/philippeperret/Sites/AlwaysData/Icare_2020/cronjob/_lib/required.rb:24:in `block in <top (required)>'
/Users/philippeperret/Sites/AlwaysData/Icare_2020/cronjob/_lib/required.rb:21:in `chdir'
/Users/philippeperret/Sites/AlwaysData/Icare_2020/cronjob/_lib/required.rb:21:in `<top (required)>'
/Users/philippeperret/Sites/AlwaysData/Icare_2020/cronjob/cronjob.rb:19:in `require_relative'
/Users/philippeperret/Sites/AlwaysData/Icare_2020/cronjob/cronjob.rb:19:in `<main>'
FATAL ERROR: cannot load such file -- mysql2
/System/Library/Frameworks/Ruby.framework/Versions/2.3/usr/lib/ruby/2.3.0/rubygems/core_ext/kernel_require.rb:55:in `require'
/System/Library/Frameworks/Ruby.framework/Versions/2.3/usr/lib/ruby/2.3.0/rubygems/core_ext/kernel_require.rb:55:in `require'
/Users/philippeperret/Sites/AlwaysData/Icare_2020/_lib/required/__first/db.rb:2:in `<top (required)>'
/System/Library/Frameworks/Ruby.framework/Versions/2.3/usr/lib/ruby/2.3.0/rubygems/core_ext/kernel_require.rb:55:in `require'
/System/Library/Frameworks/Ruby.framework/Versions/2.3/usr/lib/ruby/2.3.0/rubygems/core_ext/kernel_require.rb:55:in `require'
/Users/philippeperret/Sites/AlwaysData/Icare_2020/cronjob/_lib/required.rb:25:in `block (2 levels) in <top (required)>'
/Users/philippeperret/Sites/AlwaysData/Icare_2020/cronjob/_lib/required.rb:24:in `each'
/Users/philippeperret/Sites/AlwaysData/Icare_2020/cronjob/_lib/required.rb:24:in `block in <top (required)>'
/Users/philippeperret/Sites/AlwaysData/Icare_2020/cronjob/_lib/required.rb:21:in `chdir'
/Users/philippeperret/Sites/AlwaysData/Icare_2020/cronjob/_lib/required.rb:21:in `<top (required)>'
/Users/philippeperret/Sites/AlwaysData/Icare_2020/cronjob/cronjob.rb:19:in `require_relative'
/Users/philippeperret/Sites/AlwaysData/Icare_2020/cronjob/cronjob.rb:19:in `<main>'
FATAL ERROR: cannot load such file -- mysql2
/System/Library/Frameworks/Ruby.framework/Versions/2.3/usr/lib/ruby/2.3.0/rubygems/core_ext/kernel_require.rb:55:in `require'
/System/Library/Frameworks/Ruby.framework/Versions/2.3/usr/lib/ruby/2.3.0/rubygems/core_ext/kernel_require.rb:55:in `require'
/Users/philippeperret/Sites/AlwaysData/Icare_2020/_lib/required/__first/db.rb:2:in `<top (required)>'
/System/Library/Frameworks/Ruby.framework/Versions/2.3/usr/lib/ruby/2.3.0/rubygems/core_ext/kernel_require.rb:55:in `require'
/System/Library/Frameworks/Ruby.framework/Versions/2.3/usr/lib/ruby/2.3.0/rubygems/core_ext/kernel_require.rb:55:in `require'
/Users/philippeperret/Sites/AlwaysData/Icare_2020/cronjob/_lib/required.rb:25:in `block (2 levels) in <top (required)>'
/Users/philippeperret/Sites/AlwaysData/Icare_2020/cronjob/_lib/required.rb:24:in `each'
/Users/philippeperret/Sites/AlwaysData/Icare_2020/cronjob/_lib/required.rb:24:in `block in <top (required)>'
/Users/philippeperret/Sites/AlwaysData/Icare_2020/cronjob/_lib/required.rb:21:in `chdir'
/Users/philippeperret/Sites/AlwaysData/Icare_2020/cronjob/_lib/required.rb:21:in `<top (required)>'
/Users/philippeperret/Sites/AlwaysData/Icare_2020/cronjob/cronjob.rb:19:in `require_relative'
/Users/philippeperret/Sites/AlwaysData/Icare_2020/cronjob/cronjob.rb:19:in `<main>'
FATAL ERROR: cannot load such file -- mysql2
/System/Library/Frameworks/Ruby.framework/Versions/2.3/usr/lib/ruby/2.3.0/rubygems/core_ext/kernel_require.rb:55:in `require'
/System/Library/Frameworks/Ruby.framework/Versions/2.3/usr/lib/ruby/2.3.0/rubygems/core_ext/kernel_require.rb:55:in `require'
/Users/philippeperret/Sites/AlwaysData/Icare_2020/_lib/required/__first/db.rb:2:in `<top (required)>'
/System/Library/Frameworks/Ruby.framework/Versions/2.3/usr/lib/ruby/2.3.0/rubygems/core_ext/kernel_require.rb:55:in `require'
/System/Library/Frameworks/Ruby.framework/Versions/2.3/usr/lib/ruby/2.3.0/rubygems/core_ext/kernel_require.rb:55:in `require'
/Users/philippeperret/Sites/AlwaysData/Icare_2020/cronjob/_lib/required.rb:25:in `block (2 levels) in <top (required)>'
/Users/philippeperret/Sites/AlwaysData/Icare_2020/cronjob/_lib/required.rb:24:in `each'
/Users/philippeperret/Sites/AlwaysData/Icare_2020/cronjob/_lib/required.rb:24:in `block in <top (required)>'
/Users/philippeperret/Sites/AlwaysData/Icare_2020/cronjob/_lib/required.rb:21:in `chdir'
/Users/philippeperret/Sites/AlwaysData/Icare_2020/cronjob/_lib/required.rb:21:in `<top (required)>'
/Users/philippeperret/Sites/AlwaysData/Icare_2020/cronjob/cronjob.rb:19:in `require_relative'
/Users/philippeperret/Sites/AlwaysData/Icare_2020/cronjob/cronjob.rb:19:in `<main>'
FATAL ERROR: cannot load such file -- mysql2
/System/Library/Frameworks/Ruby.framework/Versions/2.3/usr/lib/ruby/2.3.0/rubygems/core_ext/kernel_require.rb:55:in `require'
/System/Library/Frameworks/Ruby.framework/Versions/2.3/usr/lib/ruby/2.3.0/rubygems/core_ext/kernel_require.rb:55:in `require'
/Users/philippeperret/Sites/AlwaysData/Icare_2020/_lib/required/__first/db.rb:2:in `<top (required)>'
/System/Library/Frameworks/Ruby.framework/Versions/2.3/usr/lib/ruby/2.3.0/rubygems/core_ext/kernel_require.rb:55:in `require'
/System/Library/Frameworks/Ruby.framework/Versions/2.3/usr/lib/ruby/2.3.0/rubygems/core_ext/kernel_require.rb:55:in `require'
/Users/philippeperret/Sites/AlwaysData/Icare_2020/cronjob/_lib/required.rb:25:in `block (2 levels) in <top (required)>'
/Users/philippeperret/Sites/AlwaysData/Icare_2020/cronjob/_lib/required.rb:24:in `each'
/Users/philippeperret/Sites/AlwaysData/Icare_2020/cronjob/_lib/required.rb:24:in `block in <top (required)>'
/Users/philippeperret/Sites/AlwaysData/Icare_2020/cronjob/_lib/required.rb:21:in `chdir'
/Users/philippeperret/Sites/AlwaysData/Icare_2020/cronjob/_lib/required.rb:21:in `<top (required)>'
/Users/philippeperret/Sites/AlwaysData/Icare_2020/cronjob/cronjob.rb:19:in `require_relative'
/Users/philippeperret/Sites/AlwaysData/Icare_2020/cronjob/cronjob.rb:19:in `<main>'
FATAL ERROR: cannot load such file -- mysql2
/System/Library/Frameworks/Ruby.framework/Versions/2.3/usr/lib/ruby/2.3.0/rubygems/core_ext/kernel_require.rb:55:in `require'
/System/Library/Frameworks/Ruby.framework/Versions/2.3/usr/lib/ruby/2.3.0/rubygems/core_ext/kernel_require.rb:55:in `require'
/Users/philippeperret/Sites/AlwaysData/Icare_2020/_lib/required/__first/db.rb:2:in `<top (required)>'
/System/Library/Frameworks/Ruby.framework/Versions/2.3/usr/lib/ruby/2.3.0/rubygems/core_ext/kernel_require.rb:55:in `require'
/System/Library/Frameworks/Ruby.framework/Versions/2.3/usr/lib/ruby/2.3.0/rubygems/core_ext/kernel_require.rb:55:in `require'
/Users/philippeperret/Sites/AlwaysData/Icare_2020/cronjob/_lib/required.rb:25:in `block (2 levels) in <top (required)>'
/Users/philippeperret/Sites/AlwaysData/Icare_2020/cronjob/_lib/required.rb:24:in `each'
/Users/philippeperret/Sites/AlwaysData/Icare_2020/cronjob/_lib/required.rb:24:in `block in <top (required)>'
/Users/philippeperret/Sites/AlwaysData/Icare_2020/cronjob/_lib/required.rb:21:in `chdir'
/Users/philippeperret/Sites/AlwaysData/Icare_2020/cronjob/_lib/required.rb:21:in `<top (required)>'
/Users/philippeperret/Sites/AlwaysData/Icare_2020/cronjob/cronjob.rb:19:in `require_relative'
/Users/philippeperret/Sites/AlwaysData/Icare_2020/cronjob/cronjob.rb:19:in `<main>'
FATAL ERROR: cannot load such file -- mysql2
/System/Library/Frameworks/Ruby.framework/Versions/2.3/usr/lib/ruby/2.3.0/rubygems/core_ext/kernel_require.rb:55:in `require'
/System/Library/Frameworks/Ruby.framework/Versions/2.3/usr/lib/ruby/2.3.0/rubygems/core_ext/kernel_require.rb:55:in `require'
/Users/philippeperret/Sites/AlwaysData/Icare_2020/_lib/required/__first/db.rb:2:in `<top (required)>'
/System/Library/Frameworks/Ruby.framework/Versions/2.3/usr/lib/ruby/2.3.0/rubygems/core_ext/kernel_require.rb:55:in `require'
/System/Library/Frameworks/Ruby.framework/Versions/2.3/usr/lib/ruby/2.3.0/rubygems/core_ext/kernel_require.rb:55:in `require'
/Users/philippeperret/Sites/AlwaysData/Icare_2020/cronjob/_lib/required.rb:25:in `block (2 levels) in <top (required)>'
/Users/philippeperret/Sites/AlwaysData/Icare_2020/cronjob/_lib/required.rb:24:in `each'
/Users/philippeperret/Sites/AlwaysData/Icare_2020/cronjob/_lib/required.rb:24:in `block in <top (required)>'
/Users/philippeperret/Sites/AlwaysData/Icare_2020/cronjob/_lib/required.rb:21:in `chdir'
/Users/philippeperret/Sites/AlwaysData/Icare_2020/cronjob/_lib/required.rb:21:in `<top (required)>'
/Users/philippeperret/Sites/AlwaysData/Icare_2020/cronjob/cronjob.rb:19:in `require_relative'
/Users/philippeperret/Sites/AlwaysData/Icare_2020/cronjob/cronjob.rb:19:in `<main>'
FATAL ERROR: cannot load such file -- ./_lib/data/secret/mysql
/Users/philippeperret/.rbenv/versions/2.6.3/lib/ruby/2.6.0/rubygems/core_ext/kernel_require.rb:54:in `require'
/Users/philippeperret/.rbenv/versions/2.6.3/lib/ruby/2.6.0/rubygems/core_ext/kernel_require.rb:54:in `require'
/Users/philippeperret/Sites/AlwaysData/Icare_2020/cronjob/_lib/required.rb:31:in `<top (required)>'
/Users/philippeperret/Sites/AlwaysData/Icare_2020/cronjob/cronjob.rb:19:in `require_relative'
/Users/philippeperret/Sites/AlwaysData/Icare_2020/cronjob/cronjob.rb:19:in `<main>'
FATAL ERROR: cannot load such file -- ./_lib/data/secret/mysql
/Users/philippeperret/.rbenv/versions/2.6.3/lib/ruby/2.6.0/rubygems/core_ext/kernel_require.rb:54:in `require'
/Users/philippeperret/.rbenv/versions/2.6.3/lib/ruby/2.6.0/rubygems/core_ext/kernel_require.rb:54:in `require'
/Users/philippeperret/Sites/AlwaysData/Icare_2020/cronjob/_lib/required.rb:31:in `<top (required)>'
/Users/philippeperret/Sites/AlwaysData/Icare_2020/cronjob/cronjob.rb:19:in `require_relative'
/Users/philippeperret/Sites/AlwaysData/Icare_2020/cronjob/cronjob.rb:19:in `<main>'
FATAL ERROR: cannot load such file -- ./_lib/data/secret/mysql
/Users/philippeperret/.rbenv/versions/2.6.3/lib/ruby/2.6.0/rubygems/core_ext/kernel_require.rb:54:in `require'
/Users/philippeperret/.rbenv/versions/2.6.3/lib/ruby/2.6.0/rubygems/core_ext/kernel_require.rb:54:in `require'
/Users/philippeperret/Sites/AlwaysData/Icare_2020/cronjob/_lib/required.rb:31:in `<top (required)>'
/Users/philippeperret/Sites/AlwaysData/Icare_2020/cronjob/cronjob.rb:19:in `require_relative'
/Users/philippeperret/Sites/AlwaysData/Icare_2020/cronjob/cronjob.rb:19:in `<main>'
FATAL ERROR: cannot load such file -- ./_lib/data/secret/mysql
/Users/philippeperret/.rbenv/versions/2.6.3/lib/ruby/2.6.0/rubygems/core_ext/kernel_require.rb:54:in `require'
/Users/philippeperret/.rbenv/versions/2.6.3/lib/ruby/2.6.0/rubygems/core_ext/kernel_require.rb:54:in `require'
/Users/philippeperret/Sites/AlwaysData/Icare_2020/cronjob/_lib/required.rb:31:in `<top (required)>'
/Users/philippeperret/Sites/AlwaysData/Icare_2020/cronjob/cronjob.rb:19:in `require_relative'
/Users/philippeperret/Sites/AlwaysData/Icare_2020/cronjob/cronjob.rb:19:in `<main>'
FATAL ERROR: cannot load such file -- ./_lib/data/secret/mysql
/Users/philippeperret/.rbenv/versions/2.6.3/lib/ruby/2.6.0/rubygems/core_ext/kernel_require.rb:54:in `require'
/Users/philippeperret/.rbenv/versions/2.6.3/lib/ruby/2.6.0/rubygems/core_ext/kernel_require.rb:54:in `require'
/Users/philippeperret/Sites/AlwaysData/Icare_2020/cronjob/_lib/required.rb:31:in `<top (required)>'
/Users/philippeperret/Sites/AlwaysData/Icare_2020/cronjob/cronjob.rb:19:in `require_relative'
/Users/philippeperret/Sites/AlwaysData/Icare_2020/cronjob/cronjob.rb:19:in `<main>'
FATAL ERROR: cannot load such file -- ./_lib/data/secret/mysql
/Users/philippeperret/.rbenv/versions/2.6.3/lib/ruby/2.6.0/rubygems/core_ext/kernel_require.rb:54:in `require'
/Users/philippeperret/.rbenv/versions/2.6.3/lib/ruby/2.6.0/rubygems/core_ext/kernel_require.rb:54:in `require'
/Users/philippeperret/Sites/AlwaysData/Icare_2020/cronjob/_lib/required.rb:31:in `<top (required)>'
/Users/philippeperret/Sites/AlwaysData/Icare_2020/cronjob/cronjob.rb:19:in `require_relative'
/Users/philippeperret/Sites/AlwaysData/Icare_2020/cronjob/cronjob.rb:19:in `<main>'
FATAL ERROR: cannot load such file -- ./_lib/data/secret/mysql
/Users/philippeperret/.rbenv/versions/2.6.3/lib/ruby/2.6.0/rubygems/core_ext/kernel_require.rb:54:in `require'
/Users/philippeperret/.rbenv/versions/2.6.3/lib/ruby/2.6.0/rubygems/core_ext/kernel_require.rb:54:in `require'
/Users/philippeperret/Sites/AlwaysData/Icare_2020/cronjob/_lib/required.rb:31:in `<top (required)>'
/Users/philippeperret/Sites/AlwaysData/Icare_2020/cronjob/cronjob.rb:19:in `require_relative'
/Users/philippeperret/Sites/AlwaysData/Icare_2020/cronjob/cronjob.rb:19:in `<main>'
FATAL ERROR: cannot load such file -- ./_lib/data/secret/mysql
/Users/philippeperret/.rbenv/versions/2.6.3/lib/ruby/2.6.0/rubygems/core_ext/kernel_require.rb:54:in `require'
/Users/philippeperret/.rbenv/versions/2.6.3/lib/ruby/2.6.0/rubygems/core_ext/kernel_require.rb:54:in `require'
/Users/philippeperret/Sites/AlwaysData/Icare_2020/cronjob/_lib/required.rb:31:in `<top (required)>'
/Users/philippeperret/Sites/AlwaysData/Icare_2020/cronjob/cronjob.rb:19:in `require_relative'
/Users/philippeperret/Sites/AlwaysData/Icare_2020/cronjob/cronjob.rb:19:in `<main>'
